<?xml version="1.0" encoding="UTF-8"?>
<!-- Generated by org.testng.reporters.JUnitReportReporter -->
<testsuite hostname="chandan" failures="0" tests="1" name="Test_Script.LinkedIn_Scripts" time="55.626" errors="0" timestamp="15 Sep 2022 10:12:40 GMT" skipped="0">
  <testcase classname="Test_Script.LinkedIn_Scripts" name="Lunch" time="55.626"/>
</testsuite> <!-- Test_Script.LinkedIn_Scripts -->
