<?xml version="1.0" encoding="UTF-8"?>
<!-- Generated by org.testng.reporters.JUnitReportReporter -->
<testsuite hostname="chandan" failures="0" tests="1" name="Test_Script.PropertyFile1" time="0.018" errors="0" timestamp="15 Sep 2022 12:01:18 GMT" skipped="0">
  <testcase classname="Test_Script.PropertyFile1" name="state1" time="0.018"/>
</testsuite> <!-- Test_Script.PropertyFile1 -->
