<?xml version="1.0" encoding="UTF-8"?>
<!-- Generated by org.testng.reporters.JUnitReportReporter -->
<testsuite hostname="chandan" failures="0" tests="2" name="Test_Script.Parallell" time="29.814" errors="0" timestamp="16 Sep 2022 10:15:56 GMT" skipped="0">
  <testcase classname="Test_Script.Parallell" name="execution1" time="18.853"/>
  <testcase classname="Test_Script.Parallell" name="execution1" time="10.961"/>
</testsuite> <!-- Test_Script.Parallell -->
