<?xml version="1.0" encoding="UTF-8"?>
<!-- Generated by org.testng.reporters.JUnitReportReporter -->
<testsuite hostname="Manjunatha-CG" failures="0" tests="1" name="Runner.Loginfb" time="8.824" errors="0" timestamp="2022-09-19T14:13:17 IST" skipped="0">
  <testcase classname="Runner.Loginfb" name="runScenario" time="8.824"/>
  <system-out/>
</testsuite> <!-- Runner.Loginfb -->
